c:\users\alicja\documents\visual studio 2015\projects\tamagotchi\tamagotchi\x64\debug\tamagotchi.pch
c:\users\alicja\documents\visual studio 2015\projects\tamagotchi\tamagotchi\x64\debug\vc140.pdb
c:\users\alicja\documents\visual studio 2015\projects\tamagotchi\tamagotchi\x64\debug\vc140.idb
c:\users\alicja\documents\visual studio 2015\projects\tamagotchi\tamagotchi\x64\debug\stdafx.obj
c:\users\alicja\documents\visual studio 2015\projects\tamagotchi\tamagotchi\x64\debug\aboutgame.obj
c:\users\alicja\documents\visual studio 2015\projects\tamagotchi\tamagotchi\x64\debug\ball.obj
c:\users\alicja\documents\visual studio 2015\projects\tamagotchi\tamagotchi\x64\debug\buttons.obj
c:\users\alicja\documents\visual studio 2015\projects\tamagotchi\tamagotchi\x64\debug\chicken.obj
c:\users\alicja\documents\visual studio 2015\projects\tamagotchi\tamagotchi\x64\debug\files.obj
c:\users\alicja\documents\visual studio 2015\projects\tamagotchi\tamagotchi\x64\debug\game.obj
c:\users\alicja\documents\visual studio 2015\projects\tamagotchi\tamagotchi\x64\debug\gameobject.obj
c:\users\alicja\documents\visual studio 2015\projects\tamagotchi\tamagotchi\x64\debug\interface.obj
c:\users\alicja\documents\visual studio 2015\projects\tamagotchi\tamagotchi\x64\debug\menu.obj
c:\users\alicja\documents\visual studio 2015\projects\tamagotchi\tamagotchi\x64\debug\egg.obj
c:\users\alicja\documents\visual studio 2015\projects\tamagotchi\tamagotchi\x64\debug\tamagotchi.obj
c:\users\alicja\documents\visual studio 2015\projects\tamagotchi\tamagotchi\x64\debug\main.obj
c:\users\alicja\documents\visual studio 2015\projects\tamagotchi\x64\debug\tamagotchi.pdb
c:\users\alicja\documents\visual studio 2015\projects\tamagotchi\tamagotchi\x64\debug\tamagotchi.tlog\cl.command.1.tlog
c:\users\alicja\documents\visual studio 2015\projects\tamagotchi\tamagotchi\x64\debug\tamagotchi.tlog\cl.read.1.tlog
c:\users\alicja\documents\visual studio 2015\projects\tamagotchi\tamagotchi\x64\debug\tamagotchi.tlog\cl.write.1.tlog
c:\users\alicja\documents\visual studio 2015\projects\tamagotchi\tamagotchi\x64\debug\tamagotchi.tlog\link.12456.read.1.tlog
c:\users\alicja\documents\visual studio 2015\projects\tamagotchi\tamagotchi\x64\debug\tamagotchi.tlog\link.12456.write.1.tlog
c:\users\alicja\documents\visual studio 2015\projects\tamagotchi\tamagotchi\x64\debug\tamagotchi.tlog\link.command.1.tlog
c:\users\alicja\documents\visual studio 2015\projects\tamagotchi\tamagotchi\x64\debug\tamagotchi.tlog\link.read.1.tlog
c:\users\alicja\documents\visual studio 2015\projects\tamagotchi\tamagotchi\x64\debug\tamagotchi.tlog\link.write.1.tlog
